<?xml version="1.0" encoding="UTF-8"?>
<!-- Generated by org.testng.reporters.JUnitReportReporter -->
<testsuite hostname="DESKTOP-VCLR473" failures="0" tests="1" name="selenium.Omniful.myFirstRestAssuredClass" time="2.990" errors="0" timestamp="2021-05-19T14:46:23 EET" skipped="0">
  <testcase classname="selenium.Omniful.myFirstRestAssuredClass" name="getResponseBody" time="2.990"/>
  <system-out/>
</testsuite> <!-- selenium.Omniful.myFirstRestAssuredClass -->
