<?xml version="1.0" encoding="UTF-8"?>
<!-- Generated by org.testng.reporters.JUnitReportReporter -->
<testsuite skipped="0" hostname="DESKTOP-E5OTU5F" name="selenium.Omniful.UserTest" tests="2" failures="0" timestamp="2021-06-13T14:50:48 EET" time="61.161" errors="0">
  <testcase name="ClientLogin" time="60.969" classname="selenium.Omniful.UserTest"/>
  <system-out/>
  <testcase name="AddUser" time="0.192" classname="selenium.Omniful.UserTest"/>
  <system-out/>
</testsuite> <!-- selenium.Omniful.UserTest -->
