<?xml version="1.0" encoding="UTF-8"?>
<!-- Generated by org.testng.reporters.JUnitReportReporter -->
<testsuite hostname="DESKTOP-VCLR473" failures="0" tests="1" name="selenium.Omniful.InsertPOSTransactions" time="3.457" errors="0" timestamp="2021-05-19T16:43:38 EET" skipped="0">
  <testcase classname="selenium.Omniful.InsertPOSTransactions" name="insertOfflineOrder" time="3.457"/>
  <system-out/>
</testsuite> <!-- selenium.Omniful.InsertPOSTransactions -->
